<?xml version="1.0" encoding="UTF-8"?>
<!-- Generated by org.testng.reporters.JUnitReportReporter -->
<testsuite hostname="DESKTOP-MNA5S3V" failures="0" tests="4" name="api.test.UserTests" time="12.208" errors="0" timestamp="2024-01-22T13:25:23 IST" skipped="0">
  <testcase classname="api.test.UserTests" name="testPostUser" time="6.197"/>
  <testcase classname="api.test.UserTests" name="testGetUserByName" time="1.544"/>
  <testcase classname="api.test.UserTests" name="testUpdateUserByName" time="3.011"/>
  <testcase classname="api.test.UserTests" name="testDeleteUserByName" time="1.456"/>
</testsuite> <!-- api.test.UserTests -->
